<?xml version="1.0" encoding="UTF-8"?>
<!-- Generated by org.testng.reporters.JUnitXMLReporter -->
<testsuite hostname="Gowtham_S" ignored="0" name="Default test" tests="3" failures="0" timestamp="16 Oct 2024 07:05:44 GMT" time="61.563" errors="0">
  <testcase name="automate" time="15.651" classname="amazonpage.DataProvExcercise"/>
  <testcase name="automate" time="25.663" classname="amazonpage.DataProvExcercise"/>
  <testcase name="automate" time="20.193" classname="amazonpage.DataProvExcercise"/>
</testsuite> <!-- Default test -->
