<?xml version="1.0" encoding="UTF-8"?>
<!-- Generated by org.testng.reporters.JUnitXMLReporter -->
<testsuite hostname="Gowtham_S" ignored="0" name="Test" tests="3" failures="0" timestamp="16 Oct 2024 07:34:51 GMT" time="45.751" errors="0">
  <testcase name="automate" time="16.122" classname="amazonpage.DataProvExcercise"/>
  <testcase name="automate1" time="13.433" classname="amazonpage.DataProvExcercise"/>
  <testcase name="automate2" time="16.149" classname="amazonpage.DataProvExcercise"/>
</testsuite> <!-- Test -->
